<?xml version="1.0" encoding="UTF-8"?>
<!-- Generated by org.testng.reporters.JUnitReportReporter -->
<testsuite skipped="0" hostname="T460-JMAJANO" name="myPackage.SmokeTest" tests="1" failures="0" timestamp="2021-05-24T15:28:38 CST" time="13.005" errors="0">
  <testcase name="LoginTest" time="13.005" classname="myPackage.SmokeTest"/>
  <system-out/>
</testsuite> <!-- myPackage.SmokeTest -->
